[06Jun2026 15:15:53.008] [main/INFO] [cpw.mods.modlauncher.Launcher/MODLAUNCHER]: ModLauncher running: args [--launchTarget, forgeclientdev, --version, 21.1.190, --assetIndex, 17, --assetsDir, C:\\Users\\aronk\\.mcreator\\gradle\\caches\\neoformruntime\\assets, --gameDir, ., --fml.fmlVersion, 4.0.41, --fml.mcVersion, 1.21.1, --fml.neoForgeVersion, 21.1.190, --fml.neoFormVersion, 20240808.144430]
[06Jun2026 15:15:53.011] [main/INFO] [cpw.mods.modlauncher.Launcher/MODLAUNCHER]: JVM identified as JetBrains s.r.o. OpenJDK 64-Bit Server VM 21.0.10+1-b1163.105
[06Jun2026 15:15:53.011] [main/INFO] [cpw.mods.modlauncher.Launcher/MODLAUNCHER]: ModLauncher 11.0.5+main.901c6ea8 starting: java version 21.0.10 by JetBrains s.r.o.; OS Windows 11 arch amd64 version 10.0
[06Jun2026 15:15:53.054] [main/WARN] [net.neoforged.fml.loading.FMLConfig/CORE]: Configuration file C:\Users\aronk\MCreatorWorkspaces\buddysmod\run\config\fml.toml is not correct. Correcting
[06Jun2026 15:15:53.073] [main/INFO] [net.neoforged.fml.loading.ImmediateWindowHandler/]: Loading ImmediateWindowProvider fmlearlywindow
[06Jun2026 15:15:53.128] [main/INFO] [EARLYDISPLAY/]: Trying GL version 4.6
[06Jun2026 15:15:53.213] [main/INFO] [EARLYDISPLAY/]: Requested GL version 4.6 got version 4.6
[06Jun2026 15:15:53.281] [main/INFO] [mixin/]: SpongePowered MIXIN Subsystem Version=0.8.7 Source=union:/C:/Users/aronk/.mcreator/gradle/caches/modules-2/files-2.1/net.fabricmc/sponge-mixin/0.15.2+mixin.0.8.7/2af2f021d8e02a0220dc27a7a72b4666d66d44ca/sponge-mixin-0.15.2+mixin.0.8.7.jar%23138!/ Service=ModLauncher Env=CLIENT
[06Jun2026 15:15:53.287] [main/WARN] [net.neoforged.fml.loading.FMLConfig/CORE]: Configuration file C:\Users\aronk\MCreatorWorkspaces\buddysmod\run\config\fml.toml is not correct. Correcting
[06Jun2026 15:15:53.392] [pool-2-thread-1/INFO] [EARLYDISPLAY/]: GL info: AMD Radeon RX 6800 GL version 4.6.0 Core Profile Context 26.6.1.260520, ATI Technologies Inc.
[06Jun2026 15:15:53.516] [main/INFO] [net.neoforged.fml.loading.moddiscovery.locators.JarInJarDependencyLocator/]: Found 2 dependencies adding them to mods collection
[06Jun2026 15:15:53.517] [main/INFO] [net.neoforged.fml.loading.moddiscovery.ModDiscoverer/]: 
     Mod List:
		Name Version (Mod Id)

		buddysmod 1.0.0 (buddysmod)
		Minecraft 1.21.1 (minecraft)
		NeoForge 21.1.190 (neoforge)
[06Jun2026 15:15:53.936] [main/INFO] [cpw.mods.modlauncher.LaunchServiceHandler/MODLAUNCHER]: Launching target 'forgeclientdev' with arguments [--version, 21.1.190, --gameDir, ., --assetsDir, C:\Users\aronk\.mcreator\gradle\caches\neoformruntime\assets, --assetIndex, 17]
[06Jun2026 15:15:54.693] [Datafixer Bootstrap/INFO] [com.mojang.datafixers.DataFixerBuilder/]: 229 Datafixer optimizations took 194 milliseconds
[06Jun2026 15:15:54.747] [main/WARN] [oshi.driver.windows.perfmon.PerfmonDisabled/]: Invalid registry value type detected for PerfOS counters. Should be REG_DWORD. Ignoring: HKEY_LOCAL_MACHINE\SYSTEM\CurrentControlSet\Services\PerfOS\Performance\Disable Performance Counters.
[06Jun2026 15:15:54.766] [pool-7-thread-1/INFO] [MixinExtras|Service/]: Initializing MixinExtras via com.llamalad7.mixinextras.service.MixinExtrasServiceImpl(version=0.4.1).
[06Jun2026 15:15:57.003] [main/WARN] [net.minecraft.commands.Commands/]: Ambiguity between arguments [teleport, location] and [teleport, destination] with inputs: [0.1 -0.5 .9, 0 0 0]
[06Jun2026 15:15:57.004] [main/WARN] [net.minecraft.commands.Commands/]: Ambiguity between arguments [teleport, location] and [teleport, targets] with inputs: [0.1 -0.5 .9, 0 0 0]
[06Jun2026 15:15:57.005] [main/WARN] [net.minecraft.commands.Commands/]: Ambiguity between arguments [teleport, destination] and [teleport, targets] with inputs: [Player, 0123, @e, dd12be42-52a9-4a91-a8a1-11c01849e498]
[06Jun2026 15:15:57.006] [main/WARN] [net.minecraft.commands.Commands/]: Ambiguity between arguments [teleport, targets] and [teleport, destination] with inputs: [Player, 0123, dd12be42-52a9-4a91-a8a1-11c01849e498]
[06Jun2026 15:15:57.006] [main/WARN] [net.minecraft.commands.Commands/]: Ambiguity between arguments [teleport, targets, location] and [teleport, targets, destination] with inputs: [0.1 -0.5 .9, 0 0 0]
[06Jun2026 15:15:57.063] [Render thread/WARN] [net.minecraft.server.packs.VanillaPackResourcesBuilder/]: Assets URL 'union:/C:/Users/aronk/MCreatorWorkspaces/buddysmod/build/moddev/artifacts/neoforge-21.1.190.jar%23189!/assets/.mcassetsroot' uses unexpected schema
[06Jun2026 15:15:57.063] [Render thread/WARN] [net.minecraft.server.packs.VanillaPackResourcesBuilder/]: Assets URL 'union:/C:/Users/aronk/MCreatorWorkspaces/buddysmod/build/moddev/artifacts/neoforge-21.1.190.jar%23189!/data/.mcassetsroot' uses unexpected schema
[06Jun2026 15:15:57.076] [Render thread/INFO] [com.mojang.authlib.yggdrasil.YggdrasilAuthenticationService/]: Environment: Environment[sessionHost=https://sessionserver.mojang.com, servicesHost=https://api.minecraftservices.com, name=PROD]
[06Jun2026 15:15:57.080] [Render thread/INFO] [net.minecraft.client.Minecraft/]: Setting user: Dev
[06Jun2026 15:15:57.130] [Render thread/INFO] [net.minecraft.client.Minecraft/]: Backend library: LWJGL version 3.3.3+5
[06Jun2026 15:15:57.235] [modloading-worker-0/INFO] [net.neoforged.neoforge.common.NeoForgeMod/NEOFORGE-MOD]: NeoForge mod loading, version 21.1.190, for MC 1.21.1
[06Jun2026 15:15:57.607] [Render thread/INFO] [net.neoforged.neoforge.gametest.GameTestHooks/]: Enabled Gametest Namespaces: []
[06Jun2026 15:15:57.725] [Render thread/INFO] [net.minecraft.server.packs.resources.ReloadableResourceManager/]: Reloading ResourceManager: vanilla, mod_resources, mod/neoforge, mod/buddysmod
[06Jun2026 15:15:57.784] [Worker-Main-2/INFO] [net.minecraft.client.gui.font.providers.UnihexProvider/]: Found unifont_all_no_pua-15.1.05.hex, loading
[06Jun2026 15:15:57.839] [Worker-Main-11/INFO] [net.minecraft.client.gui.font.providers.UnihexProvider/]: Found unifont_jp_patch-15.1.05.hex, loading
[06Jun2026 15:15:58.563] [Render thread/WARN] [net.minecraft.client.sounds.SoundEngine/]: Missing sound for event: minecraft:item.goat_horn.play
[06Jun2026 15:15:58.563] [Render thread/WARN] [net.minecraft.client.sounds.SoundEngine/]: Missing sound for event: minecraft:entity.goat.screaming.horn_break
[06Jun2026 15:15:58.595] [Render thread/INFO] [com.mojang.blaze3d.audio.Library/]: OpenAL initialized on device OpenAL Soft on Headset Earphone (HyperX Virtual Surround Sound)
[06Jun2026 15:15:58.596] [Render thread/INFO] [net.minecraft.client.sounds.SoundEngine/SOUNDS]: Sound engine started
[06Jun2026 15:15:58.644] [Render thread/INFO] [net.minecraft.client.renderer.texture.TextureAtlas/]: Created: 1024x512x2 minecraft:textures/atlas/blocks.png-atlas
[06Jun2026 15:15:58.648] [Render thread/INFO] [net.minecraft.client.renderer.texture.TextureAtlas/]: Created: 256x256x2 minecraft:textures/atlas/signs.png-atlas
[06Jun2026 15:15:58.649] [Render thread/INFO] [net.minecraft.client.renderer.texture.TextureAtlas/]: Created: 512x512x2 minecraft:textures/atlas/shield_patterns.png-atlas
[06Jun2026 15:15:58.649] [Render thread/INFO] [net.minecraft.client.renderer.texture.TextureAtlas/]: Created: 512x512x2 minecraft:textures/atlas/banner_patterns.png-atlas
[06Jun2026 15:15:58.649] [Render thread/INFO] [net.minecraft.client.renderer.texture.TextureAtlas/]: Created: 1024x1024x2 minecraft:textures/atlas/armor_trims.png-atlas
[06Jun2026 15:15:58.651] [Render thread/INFO] [net.minecraft.client.renderer.texture.TextureAtlas/]: Created: 128x64x2 minecraft:textures/atlas/decorated_pot.png-atlas
[06Jun2026 15:15:58.651] [Render thread/INFO] [net.minecraft.client.renderer.texture.TextureAtlas/]: Created: 256x256x2 minecraft:textures/atlas/chest.png-atlas
[06Jun2026 15:15:58.651] [Render thread/INFO] [net.minecraft.client.renderer.texture.TextureAtlas/]: Created: 512x256x2 minecraft:textures/atlas/shulker_boxes.png-atlas
[06Jun2026 15:15:58.651] [Render thread/INFO] [net.minecraft.client.renderer.texture.TextureAtlas/]: Created: 512x256x2 minecraft:textures/atlas/beds.png-atlas
[06Jun2026 15:15:58.694] [Render thread/INFO] [net.minecraft.client.renderer.texture.TextureAtlas/]: Created: 512x256x0 minecraft:textures/atlas/particles.png-atlas
[06Jun2026 15:15:58.694] [Render thread/INFO] [net.minecraft.client.renderer.texture.TextureAtlas/]: Created: 512x256x0 minecraft:textures/atlas/paintings.png-atlas
[06Jun2026 15:15:58.694] [Render thread/INFO] [net.minecraft.client.renderer.texture.TextureAtlas/]: Created: 256x128x0 minecraft:textures/atlas/mob_effects.png-atlas
[06Jun2026 15:15:58.694] [Render thread/INFO] [net.minecraft.client.renderer.texture.TextureAtlas/]: Created: 64x64x0 minecraft:textures/atlas/map_decorations.png-atlas
[06Jun2026 15:15:58.695] [Render thread/INFO] [net.minecraft.client.renderer.texture.TextureAtlas/]: Created: 1024x512x0 minecraft:textures/atlas/gui.png-atlas
[06Jun2026 15:15:58.714] [Render thread/WARN] [net.minecraft.client.renderer.ShaderInstance/]: Shader rendertype_entity_translucent_emissive could not find sampler named Sampler2 in the specified shader program.
[06Jun2026 15:15:58.756] [Render thread/INFO] [net.neoforged.neoforge.client.entity.animation.json.AnimationLoader/]: Loaded 0 entity animations
[06Jun2026 15:16:05.565] [Render thread/INFO] [net.minecraft.world.item.crafting.RecipeManager/]: Loaded 1304 recipes
[06Jun2026 15:16:05.636] [Render thread/INFO] [net.minecraft.advancements.AdvancementTree/]: Loaded 1408 advancements
[06Jun2026 15:16:05.908] [Server thread/INFO] [net.minecraft.client.server.IntegratedServer/]: Starting integrated minecraft server version 1.21.1
[06Jun2026 15:16:05.909] [Server thread/INFO] [net.minecraft.server.MinecraftServer/]: Generating keypair
[06Jun2026 15:16:06.853] [Server thread/INFO] [net.minecraft.server.MinecraftServer/]: Preparing start region for dimension minecraft:overworld
[06Jun2026 15:16:07.035] [progressListener/INFO] [net.minecraft.server.level.progress.LoggerChunkProgressListener/]: Preparing spawn area: 0%
[06Jun2026 15:16:07.101] [Server thread/INFO] [net.neoforged.neoforge.server.permission.PermissionAPI/]: Successfully initialized permission handler neoforge:default_handler
[06Jun2026 15:16:07.104] [progressListener/INFO] [net.minecraft.server.level.progress.LoggerChunkProgressListener/]: Time elapsed: 242 ms
[06Jun2026 15:16:07.143] [Server thread/INFO] [net.minecraft.client.server.IntegratedServer/]: Changing view distance to 28, from 10
[06Jun2026 15:16:07.143] [Server thread/INFO] [net.minecraft.client.server.IntegratedServer/]: Changing simulation distance to 12, from 0
[06Jun2026 15:16:07.482] [Server thread/INFO] [net.minecraft.server.players.PlayerList/]: Dev[local:E:44f2937b] logged in with entity id 79 at (3.8170312406072395, 85.0, -12.11942008624904)
[06Jun2026 15:16:07.494] [Server thread/INFO] [net.minecraft.server.MinecraftServer/]: Dev joined the game
[06Jun2026 15:16:07.772] [Render thread/INFO] [net.minecraft.advancements.AdvancementTree/]: Loaded 7 advancements
[06Jun2026 15:16:42.316] [Render thread/INFO] [net.minecraft.advancements.AdvancementTree/]: Loaded 40 advancements
[06Jun2026 15:16:42.813] [Render thread/INFO] [net.minecraft.advancements.AdvancementTree/]: Loaded 49 advancements
[06Jun2026 15:17:00.266] [Render thread/INFO] [net.minecraft.advancements.AdvancementTree/]: Loaded 50 advancements
[06Jun2026 15:17:05.712] [Render thread/INFO] [net.minecraft.advancements.AdvancementTree/]: Loaded 51 advancements
[06Jun2026 15:17:10.813] [Render thread/INFO] [net.minecraft.advancements.AdvancementTree/]: Loaded 52 advancements
[06Jun2026 15:17:12.313] [Render thread/INFO] [net.minecraft.advancements.AdvancementTree/]: Loaded 53 advancements
[06Jun2026 15:17:28.512] [Render thread/INFO] [net.minecraft.advancements.AdvancementTree/]: Loaded 53 advancements
[06Jun2026 15:17:37.012] [Render thread/INFO] [net.minecraft.advancements.AdvancementTree/]: Loaded 56 advancements
[06Jun2026 15:18:07.561] [Render thread/INFO] [net.minecraft.advancements.AdvancementTree/]: Loaded 68 advancements
[06Jun2026 15:18:09.913] [Render thread/INFO] [net.minecraft.advancements.AdvancementTree/]: Loaded 71 advancements
[06Jun2026 15:18:14.111] [Render thread/INFO] [net.minecraft.advancements.AdvancementTree/]: Loaded 78 advancements
[06Jun2026 15:18:22.311] [Server thread/INFO] [net.minecraft.server.MinecraftServer/]: Dev has made the advancement [Stone Age]
[06Jun2026 15:18:22.322] [Render thread/INFO] [net.minecraft.client.gui.components.ChatComponent/]: [System] [CHAT] Dev has made the advancement [Stone Age]
[06Jun2026 15:18:22.365] [Render thread/INFO] [net.minecraft.advancements.AdvancementTree/]: Loaded 95 advancements
[06Jun2026 15:18:42.762] [Render thread/INFO] [net.minecraft.advancements.AdvancementTree/]: Loaded 97 advancements
[06Jun2026 15:18:51.813] [Render thread/INFO] [net.minecraft.advancements.AdvancementTree/]: Loaded 98 advancements
[06Jun2026 15:19:13.114] [Server thread/INFO] [net.minecraft.server.MinecraftServer/]: Dev has made the advancement [Getting an Upgrade]
[06Jun2026 15:19:13.118] [Render thread/INFO] [net.minecraft.client.gui.components.ChatComponent/]: [System] [CHAT] Dev has made the advancement [Getting an Upgrade]
[06Jun2026 15:19:13.168] [Render thread/INFO] [net.minecraft.advancements.AdvancementTree/]: Loaded 122 advancements
[06Jun2026 15:20:30.460] [Render thread/INFO] [net.minecraft.advancements.AdvancementTree/]: Loaded 126 advancements
[06Jun2026 15:20:31.813] [Render thread/INFO] [net.minecraft.advancements.AdvancementTree/]: Loaded 129 advancements
[06Jun2026 15:20:37.962] [Render thread/INFO] [net.minecraft.advancements.AdvancementTree/]: Loaded 130 advancements
[06Jun2026 15:21:01.204] [Server thread/INFO] [net.minecraft.client.server.IntegratedServer/]: Saving and pausing game...
[06Jun2026 15:21:01.215] [Server thread/INFO] [net.minecraft.server.MinecraftServer/]: Saving chunks for level 'ServerLevel[New World]'/minecraft:overworld
[06Jun2026 15:21:01.230] [Server thread/INFO] [net.minecraft.server.MinecraftServer/]: Saving chunks for level 'ServerLevel[New World]'/buddysmod:luck_verse
[06Jun2026 15:21:01.232] [Server thread/INFO] [net.minecraft.server.MinecraftServer/]: Saving chunks for level 'ServerLevel[New World]'/minecraft:the_end
[06Jun2026 15:21:01.232] [Server thread/INFO] [net.minecraft.server.MinecraftServer/]: Saving chunks for level 'ServerLevel[New World]'/minecraft:the_nether
[06Jun2026 15:21:02.409] [Server thread/INFO] [net.minecraft.client.server.IntegratedServer/]: Saving and pausing game...
[06Jun2026 15:21:02.416] [Server thread/INFO] [net.minecraft.server.MinecraftServer/]: Saving chunks for level 'ServerLevel[New World]'/minecraft:overworld
[06Jun2026 15:21:02.428] [Server thread/INFO] [net.minecraft.server.MinecraftServer/]: Saving chunks for level 'ServerLevel[New World]'/buddysmod:luck_verse
[06Jun2026 15:21:02.428] [Server thread/INFO] [net.minecraft.server.MinecraftServer/]: Saving chunks for level 'ServerLevel[New World]'/minecraft:the_end
[06Jun2026 15:21:02.429] [Server thread/INFO] [net.minecraft.server.MinecraftServer/]: Saving chunks for level 'ServerLevel[New World]'/minecraft:the_nether
[06Jun2026 15:21:03.073] [Server thread/INFO] [net.minecraft.server.network.ServerGamePacketListenerImpl/]: Dev lost connection: Disconnected
[06Jun2026 15:21:03.073] [Server thread/INFO] [net.minecraft.server.MinecraftServer/]: Dev left the game
[06Jun2026 15:21:03.081] [Server thread/INFO] [net.minecraft.server.network.ServerCommonPacketListenerImpl/]: Stopping singleplayer server as player logged out
[06Jun2026 15:21:03.132] [Server thread/INFO] [net.minecraft.server.MinecraftServer/]: Stopping server
[06Jun2026 15:21:03.133] [Server thread/INFO] [net.minecraft.server.MinecraftServer/]: Saving players
[06Jun2026 15:21:03.133] [Server thread/INFO] [net.minecraft.server.MinecraftServer/]: Saving worlds
[06Jun2026 15:21:04.640] [Server thread/INFO] [net.minecraft.server.MinecraftServer/]: Saving chunks for level 'ServerLevel[New World]'/minecraft:overworld
[06Jun2026 15:21:04.755] [Server thread/INFO] [net.minecraft.server.MinecraftServer/]: Saving chunks for level 'ServerLevel[New World]'/buddysmod:luck_verse
[06Jun2026 15:21:04.758] [Server thread/INFO] [net.minecraft.server.MinecraftServer/]: Saving chunks for level 'ServerLevel[New World]'/minecraft:the_end
[06Jun2026 15:21:04.760] [Server thread/INFO] [net.minecraft.server.MinecraftServer/]: Saving chunks for level 'ServerLevel[New World]'/minecraft:the_nether
[06Jun2026 15:21:04.766] [Server thread/INFO] [net.minecraft.server.MinecraftServer/]: ThreadedAnvilChunkStorage (New World (42)): All chunks are saved
[06Jun2026 15:21:04.766] [Server thread/INFO] [net.minecraft.server.MinecraftServer/]: ThreadedAnvilChunkStorage (luck_verse): All chunks are saved
[06Jun2026 15:21:04.766] [Server thread/INFO] [net.minecraft.server.MinecraftServer/]: ThreadedAnvilChunkStorage (DIM1): All chunks are saved
[06Jun2026 15:21:04.766] [Server thread/INFO] [net.minecraft.server.MinecraftServer/]: ThreadedAnvilChunkStorage (DIM-1): All chunks are saved
[06Jun2026 15:21:04.766] [Server thread/INFO] [net.minecraft.server.MinecraftServer/]: ThreadedAnvilChunkStorage: All dimensions are saved
[06Jun2026 15:21:33.606] [Render thread/INFO] [net.minecraft.client.Minecraft/]: Stopping!
